SF:lib\providers\todo_provider.dart
DA:12,2
DA:13,1
DA:14,1
DA:15,1
DA:16,1
DA:17,0
DA:18,1
DA:24,2
DA:25,4
DA:26,2
DA:27,2
DA:28,2
DA:31,1
DA:32,2
DA:33,8
DA:36,0
DA:37,0
DA:40,1
DA:41,8
DA:44,1
DA:45,7
DA:48,1
DA:49,6
DA:53,3
DA:54,4
DA:55,4
DA:56,2
DA:57,2
DA:59,5
DA:60,5
DA:63,7
DA:66,10
DA:67,9
LF:33
LH:30
end_of_record
SF:lib\widgets\todo_tile.dart
DA:8,1
DA:10,4
DA:12,0
DA:14,1
DA:15,1
DA:16,0
DA:17,6
DA:18,8
DA:19,2
DA:20,7
DA:22,1
LF:11
LH:9
end_of_record
SF:lib\screens\home_screen.dart
DA:10,1
DA:11,1
DA:13,2
DA:14,2
DA:15,2
DA:16,2
DA:17,1
DA:18,1
DA:19,2
DA:21,1
DA:24,0
DA:28,0
DA:32,1
DA:34,0
DA:38,1
DA:40,2
DA:41,1
DA:43,1
DA:50,5
DA:53,1
DA:54,1
DA:55,4
DA:56,5
LF:23
LH:20
end_of_record
SF:lib\screens\add_todo_screen.dart
DA:7,1
DA:8,0
DA:14,0
DA:16,0
DA:17,0
DA:18,0
DA:19,0
DA:22,0
DA:23,0
DA:24,0
DA:25,0
DA:26,0
DA:28,0
DA:30,0
DA:33,0
DA:34,0
DA:35,0
DA:36,0
DA:37,0
DA:41,0
LF:20
LH:1
end_of_record
SF:lib\utils\dialogs.dart
DA:3,0
DA:4,0
DA:6,0
DA:7,0
DA:10,0
DA:12,0
DA:14,0
DA:15,0
DA:16,0
DA:17,0
DA:18,0
DA:19,0
DA:21,0
DA:22,0
DA:23,0
LF:15
LH:0
end_of_record
